**********************
Windows PowerShell transcript start
Start time: 20251212115015
Username: SECUREPRO\bbojangles
RunAs User: SECUREPRO\bbojangles
Configuration Name: 
Machine: SECUREPRO (Microsoft Windows NT 10.0.26200.0)
Host Application: C:\Windows\System32\WindowsPowerShell\v1.0\powershell.exe
Process ID: 8104
PSVersion: 5.1.26100.6584
PSEdition: Desktop
PSCompatibleVersions: 1.0, 2.0, 3.0, 4.0, 5.0, 5.1.26100.6584
BuildVersion: 10.0.26100.6584
CLRVersion: 4.0.30319.42000
WSManStackVersion: 3.0
PSRemotingProtocolVersion: 2.3
SerializationVersion: 1.1.0.1
**********************
[*] Applying Account Lockout Policy...
[+] Account lockout policy enforced.

[*] Current Account Lockout Policy:
Account Lockout Policy applied successfully.
**********************
Windows PowerShell transcript end
End time: 20251212115015
**********************
**********************
Windows PowerShell transcript start
Start time: 20251212115030
Username: SECUREPRO\bbojangles
RunAs User: SECUREPRO\bbojangles
Configuration Name: 
Machine: SECUREPRO (Microsoft Windows NT 10.0.26200.0)
Host Application: C:\Windows\System32\WindowsPowerShell\v1.0\powershell.exe
Process ID: 8104
PSVersion: 5.1.26100.6584
PSEdition: Desktop
PSCompatibleVersions: 1.0, 2.0, 3.0, 4.0, 5.0, 5.1.26100.6584
BuildVersion: 10.0.26100.6584
CLRVersion: 4.0.30319.42000
WSManStackVersion: 3.0
PSRemotingProtocolVersion: 2.3
SerializationVersion: 1.1.0.1
**********************
[*] Applying Account Lockout Policy...
[+] Account lockout policy enforced.

[*] Current Account Lockout Policy:
Account Lockout Policy applied successfully.
**********************
Windows PowerShell transcript end
End time: 20251212115030
**********************
**********************
Windows PowerShell transcript start
Start time: 20251212115206
Username: SECUREPRO\bbojangles
RunAs User: SECUREPRO\bbojangles
Configuration Name: 
Machine: SECUREPRO (Microsoft Windows NT 10.0.26200.0)
Host Application: C:\Windows\System32\WindowsPowerShell\v1.0\powershell.exe
Process ID: 8104
PSVersion: 5.1.26100.6584
PSEdition: Desktop
PSCompatibleVersions: 1.0, 2.0, 3.0, 4.0, 5.0, 5.1.26100.6584
BuildVersion: 10.0.26100.6584
CLRVersion: 4.0.30319.42000
WSManStackVersion: 3.0
PSRemotingProtocolVersion: 2.3
SerializationVersion: 1.1.0.1
**********************
[*] Applying Account Lockout Policy...
[+] Account lockout policy enforced.

[*] Current Account Lockout Policy:
------------------------------------
Force user logoff how long after time expires?:       Never
Minimum password age (days):                          1
Maximum password age (days):                          90
Minimum password length:                              12
Length of password history maintained:                24
Lockout threshold:                                    5
Lockout duration (minutes):                           15
Lockout observation window (minutes):                 15
Computer role:                                        WORKSTATION
The command completed successfully.

------------------------------------

Account Lockout Policy applied successfully.
**********************
Windows PowerShell transcript end
End time: 20251212115206
**********************
