**********************
Windows PowerShell transcript start
Start time: 20251212103156
Username: SECUREPRO\bbojangles
RunAs User: SECUREPRO\bbojangles
Configuration Name: 
Machine: SECUREPRO (Microsoft Windows NT 10.0.26200.0)
Host Application: C:\Windows\System32\WindowsPowerShell\v1.0\powershell.exe
Process ID: 5940
PSVersion: 5.1.26100.6584
PSEdition: Desktop
PSCompatibleVersions: 1.0, 2.0, 3.0, 4.0, 5.0, 5.1.26100.6584
BuildVersion: 10.0.26100.6584
CLRVersion: 4.0.30319.42000
WSManStackVersion: 3.0
PSRemotingProtocolVersion: 2.3
SerializationVersion: 1.1.0.1
**********************
[*] Applying strong local password policy...
[+] Password length, history, and age enforced.
[+] Password complexity enforced.

[*] Current Local Password Policy:

Password Complexity Enabled: 1
Strong local password policy applied successfully.
**********************
Windows PowerShell transcript end
End time: 20251212103156
**********************
